<?xml version="1.0" encoding="UTF-8"?>
<!-- Generated by org.testng.reporters.JUnitReportReporter -->
<testsuite hostname="kiran-PC" name="com.amazon.AmazonSearchTest" tests="1" failures="0" timestamp="31 Oct 2017 09:56:28 GMT" time="0.080" errors="0">
  <testcase name="f" time="0.080" classname="com.amazon.AmazonSearchTest"/>
</testsuite> <!-- com.amazon.AmazonSearchTest -->
